build/app/intermediates/manifest_merge_blame_file/debug/manifest-merger-blame-debug-report.txt
1<?xml version="1.0" encoding="utf-8"?>
2<manifest xmlns:android="http://schemas.android.com/apk/res/android"
3    package="com.example.jyothi"
4    android:versionCode="1"
5    android:versionName="1.0.0" >
6
7    <uses-sdk
8        android:minSdkVersion="21"
9        android:targetSdkVersion="28" />
10    <!--
11         Flutter needs it to communicate with the running application
12         to allow setting breakpoints, to provide hot reload, etc.
13    -->
14    <uses-permission android:name="android.permission.INTERNET" />
14-->src\debug\AndroidManifest.xml:6:5-66
14-->src\debug\AndroidManifest.xml:6:22-64
15    <!-- Although the *SdkVersion is captured in gradle build files, this is required for non gradle builds -->
16    <!-- <uses-sdk android:minSdkVersion="14" /> -->
17    <uses-permission android:name="android.permission.ACCESS_NETWORK_STATE" />
17-->[com.google.firebase:firebase-firestore:18.2.0] AndroidManifest.xml:13:5-79
17-->[com.google.firebase:firebase-firestore:18.2.0] AndroidManifest.xml:13:22-76
18    <uses-permission android:name="android.permission.WAKE_LOCK" />
18-->[com.google.firebase:firebase-measurement-connector-impl:17.0.2] AndroidManifest.xml:24:5-68
18-->[com.google.firebase:firebase-measurement-connector-impl:17.0.2] AndroidManifest.xml:24:22-65
19    <uses-permission android:name="com.google.android.finsky.permission.BIND_GET_INSTALL_REFERRER_SERVICE" /> <!-- Required by older versions of Google Play services to create IID tokens -->
19-->[com.google.firebase:firebase-analytics:16.0.4] AndroidManifest.xml:26:5-110
19-->[com.google.firebase:firebase-analytics:16.0.4] AndroidManifest.xml:26:22-107
20    <uses-permission android:name="com.google.android.c2dm.permission.RECEIVE" />
20-->[com.google.firebase:firebase-iid:17.0.3] AndroidManifest.xml:26:5-82
20-->[com.google.firebase:firebase-iid:17.0.3] AndroidManifest.xml:26:22-79
21    <!--
22 io.flutter.app.FlutterApplication is an android.app.Application that
23         calls FlutterMain.startInitialization(this); in its onCreate method.
24         In most cases you can leave this as-is, but you if you want to provide
25         additional functionality it is fine to subclass or reimplement
26         FlutterApplication and put your custom class here.
27    -->
28    <application
28-->src\main\AndroidManifest.xml:8:5-46:19
29        android:name="io.flutter.app.FlutterApplication"
29-->src\main\AndroidManifest.xml:9:9-57
30        android:appComponentFactory="androidx.core.app.CoreComponentFactory"
30-->[androidx.core:core:1.1.0] AndroidManifest.xml:24:18-86
31        android:debuggable="true"
32        android:icon="@mipmap/ic_launcher"
32-->src\main\AndroidManifest.xml:11:9-43
33        android:label="jyothi" >
33-->src\main\AndroidManifest.xml:10:9-31
34        <activity
34-->src\main\AndroidManifest.xml:12:9-40:20
35            android:name="com.example.jyothi.MainActivity"
35-->src\main\AndroidManifest.xml:13:13-41
36            android:configChanges="orientation|keyboardHidden|keyboard|screenSize|smallestScreenSize|locale|layoutDirection|fontScale|screenLayout|density|uiMode"
36-->src\main\AndroidManifest.xml:16:13-163
37            android:hardwareAccelerated="true"
37-->src\main\AndroidManifest.xml:17:13-47
38            android:launchMode="singleTop"
38-->src\main\AndroidManifest.xml:14:13-43
39            android:theme="@style/LaunchTheme"
39-->src\main\AndroidManifest.xml:15:13-47
40            android:windowSoftInputMode="adjustResize" >
40-->src\main\AndroidManifest.xml:18:13-55
41
42            <!--
43                 Specifies an Android theme to apply to this Activity as soon as
44                 the Android process has started. This theme is visible to the user
45                 while the Flutter UI initializes. After that, this theme continues
46                 to determine the Window background behind the Flutter UI.
47            -->
48            <meta-data
48-->src\main\AndroidManifest.xml:23:13-26:17
49                android:name="io.flutter.embedding.android.NormalTheme"
49-->src\main\AndroidManifest.xml:24:15-70
50                android:resource="@style/NormalTheme" />
50-->src\main\AndroidManifest.xml:25:15-52
51            <!--
52                 Displays an Android View that continues showing the launch screen
53                 Drawable until Flutter paints its first frame, then this splash
54                 screen fades out. A splash screen is useful to avoid any visual
55                 gap between the end of Android's launch screen and the painting of
56                 Flutter's first frame.
57            -->
58            <meta-data
58-->src\main\AndroidManifest.xml:32:13-35:17
59                android:name="io.flutter.embedding.android.SplashScreenDrawable"
59-->src\main\AndroidManifest.xml:33:15-79
60                android:resource="@drawable/launch_background" />
60-->src\main\AndroidManifest.xml:34:15-61
61
62            <intent-filter>
62-->src\main\AndroidManifest.xml:36:13-39:29
63                <action android:name="android.intent.action.MAIN" />
63-->src\main\AndroidManifest.xml:37:17-68
63-->src\main\AndroidManifest.xml:37:25-66
64
65                <category android:name="android.intent.category.LAUNCHER" />
65-->src\main\AndroidManifest.xml:38:17-76
65-->src\main\AndroidManifest.xml:38:27-74
66            </intent-filter>
67        </activity>
68        <!--
69             Don't delete the meta-data below.
70             This is used by the Flutter tool to generate GeneratedPluginRegistrant.java
71        -->
72        <meta-data
72-->src\main\AndroidManifest.xml:43:9-45:33
73            android:name="flutterEmbedding"
73-->src\main\AndroidManifest.xml:44:13-44
74            android:value="2" />
74-->src\main\AndroidManifest.xml:45:13-30
75
76        <activity
76-->[com.google.firebase:firebase-auth:16.0.5] AndroidManifest.xml:24:9-31:50
77            android:name="com.google.firebase.auth.internal.FederatedSignInActivity"
77-->[com.google.firebase:firebase-auth:16.0.5] AndroidManifest.xml:25:13-85
78            android:excludeFromRecents="true"
78-->[com.google.firebase:firebase-auth:16.0.5] AndroidManifest.xml:26:13-46
79            android:exported="true"
79-->[com.google.firebase:firebase-auth:16.0.5] AndroidManifest.xml:27:13-36
80            android:launchMode="singleTask"
80-->[com.google.firebase:firebase-auth:16.0.5] AndroidManifest.xml:28:13-44
81            android:permission="com.google.firebase.auth.api.gms.permission.LAUNCH_FEDERATED_SIGN_IN"
81-->[com.google.firebase:firebase-auth:16.0.5] AndroidManifest.xml:29:13-102
82            android:theme="@android:style/Theme.Translucent.NoTitleBar" />
82-->[com.google.firebase:firebase-auth:16.0.5] AndroidManifest.xml:30:13-72
83
84        <service
84-->[com.google.firebase:firebase-auth:16.0.5] AndroidManifest.xml:33:9-39:19
85            android:name="com.google.firebase.components.ComponentDiscoveryService"
85-->[com.google.firebase:firebase-auth:16.0.5] AndroidManifest.xml:34:13-84
86            android:exported="false" >
86-->[com.google.firebase:firebase-auth:16.0.5] AndroidManifest.xml:35:13-37
87            <meta-data
87-->[com.google.firebase:firebase-auth:16.0.5] AndroidManifest.xml:36:13-38:85
88                android:name="com.google.firebase.components:com.google.firebase.auth.FirebaseAuthRegistrar"
88-->[com.google.firebase:firebase-auth:16.0.5] AndroidManifest.xml:37:17-109
89                android:value="com.google.firebase.components.ComponentRegistrar" />
89-->[com.google.firebase:firebase-auth:16.0.5] AndroidManifest.xml:38:17-82
90            <meta-data
90-->[com.google.firebase:firebase-firestore:18.2.0] AndroidManifest.xml:18:13-20:85
91                android:name="com.google.firebase.components:com.google.firebase.firestore.FirestoreRegistrar"
91-->[com.google.firebase:firebase-firestore:18.2.0] AndroidManifest.xml:19:17-111
92                android:value="com.google.firebase.components.ComponentRegistrar" />
92-->[com.google.firebase:firebase-firestore:18.2.0] AndroidManifest.xml:20:17-82
93            <meta-data
93-->[com.google.firebase:firebase-measurement-connector-impl:17.0.2] AndroidManifest.xml:28:13-30:85
94                android:name="com.google.firebase.components:com.google.firebase.analytics.connector.internal.AnalyticsConnectorRegistrar"
94-->[com.google.firebase:firebase-measurement-connector-impl:17.0.2] AndroidManifest.xml:29:17-139
95                android:value="com.google.firebase.components.ComponentRegistrar" />
95-->[com.google.firebase:firebase-measurement-connector-impl:17.0.2] AndroidManifest.xml:30:17-82
96            <meta-data
96-->[com.google.firebase:firebase-iid:17.0.3] AndroidManifest.xml:32:13-34:85
97                android:name="com.google.firebase.components:com.google.firebase.iid.Registrar"
97-->[com.google.firebase:firebase-iid:17.0.3] AndroidManifest.xml:33:17-96
98                android:value="com.google.firebase.components.ComponentRegistrar" />
98-->[com.google.firebase:firebase-iid:17.0.3] AndroidManifest.xml:34:17-82
99        </service>
100
101        <receiver
101-->[com.google.firebase:firebase-analytics:16.0.4] AndroidManifest.xml:29:9-33:20
102            android:name="com.google.android.gms.measurement.AppMeasurementReceiver"
102-->[com.google.firebase:firebase-analytics:16.0.4] AndroidManifest.xml:30:13-85
103            android:enabled="true"
103-->[com.google.firebase:firebase-analytics:16.0.4] AndroidManifest.xml:31:13-35
104            android:exported="false" >
104-->[com.google.firebase:firebase-analytics:16.0.4] AndroidManifest.xml:32:13-37
105        </receiver>
106        <receiver
106-->[com.google.firebase:firebase-analytics:16.0.4] AndroidManifest.xml:34:9-42:20
107            android:name="com.google.android.gms.measurement.AppMeasurementInstallReferrerReceiver"
107-->[com.google.firebase:firebase-analytics:16.0.4] AndroidManifest.xml:35:13-100
108            android:enabled="true"
108-->[com.google.firebase:firebase-analytics:16.0.4] AndroidManifest.xml:36:13-35
109            android:exported="true"
109-->[com.google.firebase:firebase-analytics:16.0.4] AndroidManifest.xml:37:13-36
110            android:permission="android.permission.INSTALL_PACKAGES" >
110-->[com.google.firebase:firebase-analytics:16.0.4] AndroidManifest.xml:38:13-69
111            <intent-filter>
111-->[com.google.firebase:firebase-analytics:16.0.4] AndroidManifest.xml:39:13-41:29
112                <action android:name="com.android.vending.INSTALL_REFERRER" />
112-->[com.google.firebase:firebase-analytics:16.0.4] AndroidManifest.xml:40:17-79
112-->[com.google.firebase:firebase-analytics:16.0.4] AndroidManifest.xml:40:25-76
113            </intent-filter>
114        </receiver>
115
116        <service
116-->[com.google.firebase:firebase-analytics:16.0.4] AndroidManifest.xml:44:9-47:40
117            android:name="com.google.android.gms.measurement.AppMeasurementService"
117-->[com.google.firebase:firebase-analytics:16.0.4] AndroidManifest.xml:45:13-84
118            android:enabled="true"
118-->[com.google.firebase:firebase-analytics:16.0.4] AndroidManifest.xml:46:13-35
119            android:exported="false" />
119-->[com.google.firebase:firebase-analytics:16.0.4] AndroidManifest.xml:47:13-37
120        <service
120-->[com.google.firebase:firebase-analytics:16.0.4] AndroidManifest.xml:48:9-52:72
121            android:name="com.google.android.gms.measurement.AppMeasurementJobService"
121-->[com.google.firebase:firebase-analytics:16.0.4] AndroidManifest.xml:49:13-87
122            android:enabled="true"
122-->[com.google.firebase:firebase-analytics:16.0.4] AndroidManifest.xml:50:13-35
123            android:exported="false"
123-->[com.google.firebase:firebase-analytics:16.0.4] AndroidManifest.xml:51:13-37
124            android:permission="android.permission.BIND_JOB_SERVICE" />
124-->[com.google.firebase:firebase-analytics:16.0.4] AndroidManifest.xml:52:13-69
125
126        <receiver
126-->[com.google.firebase:firebase-iid:17.0.3] AndroidManifest.xml:37:9-44:20
127            android:name="com.google.firebase.iid.FirebaseInstanceIdReceiver"
127-->[com.google.firebase:firebase-iid:17.0.3] AndroidManifest.xml:38:13-78
128            android:exported="true"
128-->[com.google.firebase:firebase-iid:17.0.3] AndroidManifest.xml:39:13-36
129            android:permission="com.google.android.c2dm.permission.SEND" >
129-->[com.google.firebase:firebase-iid:17.0.3] AndroidManifest.xml:40:13-73
130            <intent-filter>
130-->[com.google.firebase:firebase-iid:17.0.3] AndroidManifest.xml:41:13-43:29
131                <action android:name="com.google.android.c2dm.intent.RECEIVE" />
131-->[com.google.firebase:firebase-iid:17.0.3] AndroidManifest.xml:42:17-81
131-->[com.google.firebase:firebase-iid:17.0.3] AndroidManifest.xml:42:25-78
132            </intent-filter>
133        </receiver>
134        <!--
135             FirebaseInstanceIdService performs security checks at runtime,
136             no need for explicit permissions despite exported="true"
137        -->
138        <service
138-->[com.google.firebase:firebase-iid:17.0.3] AndroidManifest.xml:50:9-56:19
139            android:name="com.google.firebase.iid.FirebaseInstanceIdService"
139-->[com.google.firebase:firebase-iid:17.0.3] AndroidManifest.xml:51:13-77
140            android:exported="true" >
140-->[com.google.firebase:firebase-iid:17.0.3] AndroidManifest.xml:52:13-36
141            <intent-filter android:priority="-500" >
141-->[com.google.firebase:firebase-iid:17.0.3] AndroidManifest.xml:53:13-55:29
141-->[com.google.firebase:firebase-iid:17.0.3] AndroidManifest.xml:53:28-51
142                <action android:name="com.google.firebase.INSTANCE_ID_EVENT" />
142-->[com.google.firebase:firebase-iid:17.0.3] AndroidManifest.xml:54:17-80
142-->[com.google.firebase:firebase-iid:17.0.3] AndroidManifest.xml:54:25-77
143            </intent-filter>
144        </service>
145
146        <activity
146-->[com.google.android.gms:play-services-base:16.0.1] AndroidManifest.xml:23:9-26:75
147            android:name="com.google.android.gms.common.api.GoogleApiActivity"
147-->[com.google.android.gms:play-services-base:16.0.1] AndroidManifest.xml:24:13-79
148            android:exported="false"
148-->[com.google.android.gms:play-services-base:16.0.1] AndroidManifest.xml:25:13-37
149            android:theme="@android:style/Theme.Translucent.NoTitleBar" />
149-->[com.google.android.gms:play-services-base:16.0.1] AndroidManifest.xml:26:13-72
150
151        <provider
151-->[com.google.firebase:firebase-common:16.1.0] AndroidManifest.xml:12:9-16:39
152            android:name="com.google.firebase.provider.FirebaseInitProvider"
152-->[com.google.firebase:firebase-common:16.1.0] AndroidManifest.xml:13:13-77
153            android:authorities="com.example.jyothi.firebaseinitprovider"
153-->[com.google.firebase:firebase-common:16.1.0] AndroidManifest.xml:14:13-72
154            android:exported="false"
154-->[com.google.firebase:firebase-common:16.1.0] AndroidManifest.xml:15:13-37
155            android:initOrder="100" />
155-->[com.google.firebase:firebase-common:16.1.0] AndroidManifest.xml:16:13-36
156
157        <meta-data
157-->[com.google.android.gms:play-services-basement:16.1.0] AndroidManifest.xml:23:9-25:69
158            android:name="com.google.android.gms.version"
158-->[com.google.android.gms:play-services-basement:16.1.0] AndroidManifest.xml:24:13-58
159            android:value="@integer/google_play_services_version" />
159-->[com.google.android.gms:play-services-basement:16.1.0] AndroidManifest.xml:25:13-66
160    </application>
161
162</manifest>